2025-08-21 10:01:30,897 - INFO - Imported existing <module 'comtypes.gen' from 'C:\\Users\\Pravin\\AppData\\Local\\Programs\\Python\\Python310\\lib\\site-packages\\comtypes\\gen\\__init__.py'>
2025-08-21 10:01:30,905 - INFO - Using writeable comtypes cache directory: 'C:\Users\Pravin\AppData\Local\Programs\Python\Python310\lib\site-packages\comtypes\gen'
2025-08-21 10:01:33,087 - INFO - Voice assistant engine initialized.
2025-08-21 10:01:33,088 - INFO - Voice assistant is ready.
2025-08-21 10:01:40,126 - INFO - Listening for a command...
2025-08-21 10:01:43,940 - WARNING - Could not understand audio.
2025-08-21 10:01:45,177 - INFO - Listening for a command...
2025-08-21 10:01:48,475 - INFO - You said: hello
2025-08-21 10:01:49,420 - INFO - Listening for a command...
2025-08-21 10:01:54,195 - INFO - You said: hello
2025-08-21 10:01:54,968 - INFO - Listening for a command...
2025-08-21 10:01:58,302 - WARNING - Could not understand audio.
2025-08-21 10:01:58,818 - INFO - Listening for a command...
2025-08-21 10:02:01,119 - INFO - You said: hello
2025-08-21 10:02:01,812 - INFO - Listening for a command...
2025-08-21 10:02:05,283 - WARNING - Could not understand audio.
2025-08-21 10:02:05,988 - INFO - Listening for a command...
2025-08-21 10:02:09,387 - INFO - You said: play music
2025-08-21 10:02:11,579 - INFO - Listening for a command...
2025-08-21 10:02:14,511 - WARNING - Could not understand audio.
2025-08-21 10:02:14,948 - INFO - Listening for a command...
2025-08-21 10:02:18,090 - INFO - You said: exit
2025-08-21 10:02:18,445 - INFO - Exiting the program.
2025-08-21 10:04:54,499 - INFO - Imported existing <module 'comtypes.gen' from 'C:\\Users\\Pravin\\AppData\\Local\\Programs\\Python\\Python310\\lib\\site-packages\\comtypes\\gen\\__init__.py'>
2025-08-21 10:04:54,501 - INFO - Using writeable comtypes cache directory: 'C:\Users\Pravin\AppData\Local\Programs\Python\Python310\lib\site-packages\comtypes\gen'
2025-08-21 10:04:55,541 - INFO - Voice assistant engine initialized.
2025-08-21 10:04:55,541 - INFO - Voice assistant is ready.
2025-08-21 10:04:58,145 - INFO - Listening for a command...
2025-08-21 10:05:01,220 - WARNING - Could not understand audio.
2025-08-21 10:05:01,626 - INFO - Listening for a command...
2025-08-21 10:05:04,769 - INFO - You said: hello
2025-08-21 10:05:05,495 - INFO - Listening for a command...
2025-08-21 10:05:09,635 - WARNING - Could not understand audio.
2025-08-21 10:05:10,076 - INFO - Listening for a command...
2025-08-21 10:05:13,321 - WARNING - Could not understand audio.
2025-08-21 10:05:13,775 - INFO - Listening for a command...
2025-08-21 10:05:18,116 - WARNING - Could not understand audio.
2025-08-21 10:05:18,577 - INFO - Listening for a command...
2025-08-21 10:05:22,244 - INFO - You said: hello
2025-08-21 10:05:22,980 - INFO - Listening for a command...
2025-08-21 10:05:25,607 - WARNING - Could not understand audio.
2025-08-21 10:05:26,073 - INFO - Listening for a command...
2025-08-21 10:05:29,819 - WARNING - Could not understand audio.
2025-08-21 10:05:30,325 - INFO - Listening for a command...
2025-08-21 10:05:33,194 - INFO - You said: chalu karo
2025-08-21 10:05:33,519 - WARNING - Unrecognized command: chalu karo
2025-08-21 10:05:33,893 - INFO - Listening for a command...
2025-08-21 10:05:38,116 - INFO - You said: chalu karo
2025-08-21 10:05:38,480 - WARNING - Unrecognized command: chalu karo
2025-08-21 10:05:38,857 - INFO - Listening for a command...
2025-08-21 10:05:42,575 - WARNING - Could not understand audio.
2025-08-21 10:05:42,995 - INFO - Listening for a command...
2025-08-21 10:05:46,615 - WARNING - Could not understand audio.
2025-08-21 10:05:47,009 - INFO - Listening for a command...
2025-08-21 10:05:51,088 - INFO - You said: hello
2025-08-21 10:05:51,829 - INFO - Listening for a command...
2025-08-21 10:05:55,394 - INFO - You said: just my
2025-08-21 10:05:55,737 - WARNING - Unrecognized command: just my
2025-08-21 10:05:56,127 - INFO - Listening for a command...
2025-08-21 10:05:59,511 - INFO - You said: send email
2025-08-21 10:06:01,670 - ERROR - Email error: name 'user_config' is not defined
2025-08-21 10:06:02,072 - INFO - Listening for a command...
2025-08-21 10:06:05,192 - WARNING - Could not understand audio.
2025-08-21 10:06:05,612 - INFO - Listening for a command...
2025-08-21 10:06:12,637 - WARNING - Could not understand audio.
2025-08-21 10:06:13,165 - INFO - Listening for a command...
2025-08-21 10:06:18,326 - WARNING - Could not understand audio.
2025-08-21 10:06:18,729 - INFO - Listening for a command...
2025-08-21 10:06:22,412 - WARNING - Could not understand audio.
2025-08-21 10:06:22,838 - INFO - Listening for a command...
2025-08-21 10:06:25,819 - INFO - You said: stop
2025-08-21 10:06:26,185 - INFO - Exiting the program.
2025-08-21 10:23:45,648 - INFO - Imported existing <module 'comtypes.gen' from 'C:\\Users\\Pravin\\AppData\\Local\\Programs\\Python\\Python310\\lib\\site-packages\\comtypes\\gen\\__init__.py'>
2025-08-21 10:23:45,649 - INFO - Using writeable comtypes cache directory: 'C:\Users\Pravin\AppData\Local\Programs\Python\Python310\lib\site-packages\comtypes\gen'
2025-08-21 10:23:47,634 - INFO - Voice assistant engine initialized.
2025-08-21 10:23:47,636 - INFO - Voice assistant is ready.
2025-08-21 10:23:51,687 - INFO - Listening for a command...
2025-08-21 10:23:55,233 - INFO - You said: send WhatsApp
2025-08-21 10:24:29,761 - INFO - Imported existing <module 'comtypes.gen' from 'C:\\Users\\Pravin\\AppData\\Local\\Programs\\Python\\Python310\\lib\\site-packages\\comtypes\\gen\\__init__.py'>
2025-08-21 10:24:29,762 - INFO - Using writeable comtypes cache directory: 'C:\Users\Pravin\AppData\Local\Programs\Python\Python310\lib\site-packages\comtypes\gen'
2025-08-21 10:24:30,086 - INFO - Voice assistant engine initialized.
2025-08-21 10:24:30,088 - INFO - Voice assistant is ready.
2025-08-21 10:24:32,755 - INFO - Listening for a command...
2025-08-21 10:24:37,100 - WARNING - Could not understand audio.
2025-08-21 10:24:37,638 - INFO - Listening for a command...
2025-08-21 10:24:41,223 - WARNING - Could not understand audio.
2025-08-21 10:24:41,659 - INFO - Listening for a command...
2025-08-21 10:24:45,180 - INFO - You said: send WhatsApp
2025-08-21 10:26:01,759 - INFO - Sent WhatsApp message.
2025-08-21 10:26:04,185 - INFO - Listening for a command...
2025-08-21 10:26:09,790 - WARNING - Could not understand audio.
2025-08-21 10:26:10,394 - INFO - Listening for a command...
2025-08-21 10:26:19,352 - WARNING - Could not understand audio.
2025-08-21 10:26:19,915 - INFO - Listening for a command...
2025-08-21 10:26:25,740 - WARNING - Could not understand audio.
2025-08-21 10:26:26,170 - INFO - Listening for a command...
2025-08-21 10:26:29,988 - WARNING - Could not understand audio.
2025-08-21 10:26:30,561 - INFO - Listening for a command...
2025-08-21 10:26:35,310 - WARNING - Could not understand audio.
2025-08-21 10:26:36,692 - INFO - Listening for a command...
2025-08-21 10:26:40,719 - WARNING - Could not understand audio.
2025-08-21 10:26:41,243 - INFO - Listening for a command...
2025-08-21 10:26:44,374 - WARNING - Could not understand audio.
2025-08-21 10:26:45,006 - INFO - Listening for a command...
2025-08-21 10:26:48,150 - WARNING - Could not understand audio.
2025-08-21 10:26:48,906 - INFO - Listening for a command...
2025-08-21 10:26:52,343 - WARNING - Could not understand audio.
2025-08-21 10:26:52,886 - INFO - Listening for a command...
2025-08-21 10:26:56,590 - INFO - You said: Ham Insan
2025-08-21 10:26:57,290 - WARNING - Unrecognized command: ham insan
2025-08-21 10:26:57,864 - INFO - Listening for a command...
2025-08-21 10:27:04,515 - WARNING - Could not understand audio.
2025-08-21 10:27:05,118 - INFO - Listening for a command...
2025-08-21 10:27:08,589 - WARNING - Could not understand audio.
2025-08-21 10:27:09,813 - INFO - Listening for a command...
2025-08-21 10:27:16,856 - WARNING - Could not understand audio.
2025-08-21 10:27:17,779 - INFO - Listening for a command...
2025-08-21 10:27:22,493 - WARNING - Could not understand audio.
2025-08-21 10:27:23,277 - INFO - Listening for a command...
2025-08-21 10:27:26,885 - WARNING - Could not understand audio.
2025-08-21 10:27:27,342 - INFO - Listening for a command...
2025-08-21 10:27:32,683 - WARNING - Could not understand audio.
2025-08-21 10:27:33,662 - INFO - Listening for a command...
2025-08-21 10:27:39,004 - WARNING - Could not understand audio.
2025-08-21 10:27:40,243 - INFO - Listening for a command...
2025-08-21 10:27:44,583 - WARNING - Could not understand audio.
2025-08-21 10:27:45,591 - INFO - Listening for a command...
2025-08-21 10:27:48,535 - WARNING - Could not understand audio.
2025-08-21 10:27:50,730 - INFO - Listening for a command...
2025-08-21 10:27:55,251 - WARNING - Could not understand audio.
2025-08-21 10:27:55,814 - INFO - Listening for a command...
2025-08-21 10:27:58,960 - WARNING - Could not understand audio.
2025-08-21 10:27:59,451 - INFO - Listening for a command...
2025-08-21 10:28:03,688 - WARNING - Could not understand audio.
2025-08-21 10:28:04,806 - INFO - Listening for a command...
2025-08-21 10:28:11,988 - WARNING - Could not understand audio.
2025-08-21 10:28:12,471 - INFO - Listening for a command...
2025-08-21 10:28:16,965 - INFO - You said: digital marketing
2025-08-21 10:28:17,366 - WARNING - Unrecognized command: digital marketing
2025-08-21 10:28:17,782 - INFO - Listening for a command...
2025-08-21 10:28:31,276 - WARNING - Could not understand audio.
2025-08-21 10:28:31,916 - INFO - Listening for a command...
2025-08-21 10:28:36,075 - WARNING - Could not understand audio.
2025-08-21 10:28:36,526 - INFO - Listening for a command...
2025-08-21 10:28:39,840 - WARNING - Could not understand audio.
2025-08-21 10:28:40,277 - INFO - Listening for a command...
2025-08-21 10:28:46,815 - WARNING - Could not understand audio.
2025-08-21 10:28:47,420 - INFO - Listening for a command...
2025-08-21 10:28:51,602 - WARNING - Could not understand audio.
2025-08-21 10:28:52,395 - INFO - Listening for a command...
2025-08-21 10:28:56,780 - WARNING - Could not understand audio.
2025-08-21 10:28:57,569 - INFO - Listening for a command...
2025-08-21 10:29:02,322 - WARNING - Could not understand audio.
2025-08-21 10:29:02,787 - INFO - Listening for a command...
2025-08-21 10:29:07,265 - WARNING - Could not understand audio.
2025-08-21 10:29:07,743 - INFO - Listening for a command...
2025-08-21 10:29:11,332 - WARNING - Could not understand audio.
2025-08-21 10:29:11,846 - INFO - Listening for a command...
2025-08-21 10:29:16,544 - WARNING - Could not understand audio.
2025-08-21 10:29:17,089 - INFO - Listening for a command...
2025-08-21 10:29:22,921 - WARNING - Could not understand audio.
2025-08-21 10:29:24,010 - INFO - Listening for a command...
2025-08-21 10:29:33,413 - WARNING - Could not understand audio.
2025-08-21 10:29:34,569 - INFO - Listening for a command...
2025-08-21 10:29:59,989 - WARNING - Could not understand audio.
2025-08-21 10:30:00,606 - INFO - Listening for a command...
2025-08-21 10:30:06,418 - WARNING - Could not understand audio.
2025-08-21 10:30:07,140 - INFO - Listening for a command...
2025-08-21 10:30:10,305 - WARNING - Could not understand audio.
2025-08-21 10:30:10,704 - INFO - Listening for a command...
2025-08-21 10:30:13,942 - WARNING - Could not understand audio.
2025-08-21 10:30:14,462 - INFO - Listening for a command...
2025-08-21 10:30:18,416 - WARNING - Could not understand audio.
2025-08-21 10:30:18,895 - INFO - Listening for a command...
2025-08-21 10:30:21,806 - WARNING - Could not understand audio.
2025-08-21 10:30:22,374 - INFO - Listening for a command...
2025-08-21 10:30:26,420 - WARNING - Could not understand audio.
2025-08-21 10:30:26,916 - INFO - Listening for a command...
2025-08-21 10:30:31,056 - WARNING - Could not understand audio.
2025-08-21 10:30:31,569 - INFO - Listening for a command...
2025-08-21 10:30:37,095 - WARNING - Could not understand audio.
2025-08-21 10:30:37,515 - INFO - Listening for a command...
2025-08-21 10:30:41,041 - WARNING - Could not understand audio.
2025-08-21 10:30:41,494 - INFO - Listening for a command...
2025-08-21 10:30:50,444 - WARNING - Could not understand audio.
2025-08-21 10:30:50,876 - INFO - Listening for a command...
2025-08-21 10:30:55,730 - WARNING - Could not understand audio.
2025-08-21 10:30:56,150 - INFO - Listening for a command...
2025-08-21 10:31:01,584 - WARNING - Could not understand audio.
2025-08-21 10:31:02,019 - INFO - Listening for a command...
2025-08-21 10:31:09,351 - WARNING - Could not understand audio.
2025-08-21 10:31:09,883 - INFO - Listening for a command...
2025-08-21 10:31:25,429 - WARNING - Could not understand audio.
2025-08-21 10:31:26,104 - INFO - Listening for a command...
2025-08-21 10:31:34,157 - WARNING - Could not understand audio.
2025-08-21 10:31:34,709 - INFO - Listening for a command...
2025-08-21 10:31:40,528 - WARNING - Could not understand audio.
2025-08-21 10:31:41,054 - INFO - Listening for a command...
2025-08-21 10:35:01,909 - INFO - Imported existing <module 'comtypes.gen' from 'C:\\Users\\Pravin\\AppData\\Local\\Programs\\Python\\Python310\\lib\\site-packages\\comtypes\\gen\\__init__.py'>
2025-08-21 10:35:01,930 - INFO - Using writeable comtypes cache directory: 'C:\Users\Pravin\AppData\Local\Programs\Python\Python310\lib\site-packages\comtypes\gen'
2025-08-21 10:35:19,665 - INFO - Voice assistant engine initialized.
2025-08-21 10:35:19,667 - INFO - Voice assistant is ready.
2025-08-21 10:35:36,168 - INFO - Listening for a command...
2025-08-21 10:35:41,979 - INFO - You said: hello
2025-08-21 10:35:47,962 - INFO - Listening for a command...
2025-08-21 10:35:57,089 - WARNING - Could not understand audio.
2025-08-21 10:35:59,633 - INFO - Listening for a command...
2025-08-21 10:36:09,782 - WARNING - Could not understand audio.
2025-08-21 10:36:21,829 - INFO - Listening for a command...
2025-08-21 10:36:34,913 - INFO - You said: Wikipedia is Wikipedia
2025-08-21 10:36:58,632 - INFO - Provided Wikipedia summary for: wikipedia is wikipedia
2025-08-21 10:37:04,130 - INFO - Listening for a command...
2025-08-21 10:37:12,171 - WARNING - Could not understand audio.
2025-08-21 10:37:16,072 - INFO - Listening for a command...
2025-08-21 10:37:22,333 - INFO - You said: stop
2025-08-21 10:37:24,443 - INFO - Exiting the program.
2025-08-21 10:52:38,799 - INFO - Imported existing <module 'comtypes.gen' from 'C:\\Users\\Pravin\\AppData\\Local\\Programs\\Python\\Python310\\lib\\site-packages\\comtypes\\gen\\__init__.py'>
2025-08-21 10:52:38,839 - INFO - Using writeable comtypes cache directory: 'C:\Users\Pravin\AppData\Local\Programs\Python\Python310\lib\site-packages\comtypes\gen'
2025-08-21 10:52:45,813 - INFO - Voice assistant engine initialized.
2025-08-21 10:52:45,817 - INFO - Voice assistant is ready.
2025-08-21 10:52:57,031 - INFO - Listening for a command...
2025-08-21 10:53:03,406 - WARNING - Could not understand audio.
2025-08-21 10:53:03,937 - INFO - Listening for a command...
2025-08-21 10:53:09,924 - WARNING - Could not understand audio.
2025-08-21 10:53:10,376 - INFO - Listening for a command...
2025-08-21 10:53:16,615 - INFO - You said: go to school
2025-08-21 10:53:16,987 - WARNING - Unrecognized command: go to school
2025-08-21 10:53:17,393 - INFO - Listening for a command...
2025-08-21 10:53:22,505 - INFO - You said: new task go to school
2025-08-21 10:53:22,981 - INFO - Added new task: go to school
2025-08-21 10:53:23,361 - INFO - Listening for a command...
2025-08-21 10:53:27,713 - WARNING - Could not understand audio.
2025-08-21 10:53:28,148 - INFO - Listening for a command...
2025-08-21 10:53:32,436 - WARNING - Could not understand audio.
2025-08-21 10:53:32,899 - INFO - Listening for a command...
2025-08-21 10:53:37,803 - INFO - You said: new task go to college
2025-08-21 10:53:38,296 - INFO - Added new task: go to college
2025-08-21 10:53:38,755 - INFO - Listening for a command...
2025-08-21 10:53:43,123 - WARNING - Could not understand audio.
2025-08-21 10:53:43,574 - INFO - Listening for a command...
2025-08-21 10:53:47,293 - WARNING - Could not understand audio.
2025-08-21 10:53:47,756 - INFO - Listening for a command...
2025-08-21 10:53:55,644 - INFO - You said: speak task
2025-08-21 10:53:56,564 - INFO - Spoke tasks to the user.
2025-08-21 10:53:56,965 - INFO - Listening for a command...
2025-08-21 10:54:01,154 - WARNING - Could not understand audio.
2025-08-21 10:54:01,687 - INFO - Listening for a command...
2025-08-21 10:54:08,260 - INFO - You said: show task
2025-08-21 10:54:08,679 - WARNING - Unrecognized command: show task
2025-08-21 10:54:09,103 - INFO - Listening for a command...
2025-08-21 10:54:13,280 - WARNING - Could not understand audio.
2025-08-21 10:54:13,763 - INFO - Listening for a command...
2025-08-21 10:54:17,280 - WARNING - Could not understand audio.
2025-08-21 10:54:17,773 - INFO - Listening for a command...
2025-08-21 10:54:22,206 - INFO - You said: show
2025-08-21 10:54:22,629 - WARNING - Unrecognized command: show
2025-08-21 10:54:23,074 - INFO - Listening for a command...
2025-08-21 10:54:25,949 - INFO - You said: show
2025-08-21 10:54:26,355 - WARNING - Unrecognized command: show
2025-08-21 10:54:26,866 - INFO - Listening for a command...
2025-08-21 10:54:30,639 - INFO - You said: show work
2025-08-21 10:54:30,868 - INFO - Showed tasks in a notification.
2025-08-21 10:54:31,512 - INFO - Listening for a command...
2025-08-21 10:54:34,376 - WARNING - Could not understand audio.
2025-08-21 10:54:34,872 - INFO - Listening for a command...
2025-08-21 10:54:38,022 - WARNING - Could not understand audio.
2025-08-21 10:54:38,487 - INFO - Listening for a command...
2025-08-21 10:54:41,733 - WARNING - Could not understand audio.
2025-08-21 10:54:42,184 - INFO - Listening for a command...
2025-08-21 10:54:45,909 - WARNING - Could not understand audio.
2025-08-21 10:54:46,281 - INFO - Listening for a command...
2025-08-21 10:54:50,210 - WARNING - Could not understand audio.
2025-08-21 10:54:50,687 - INFO - Listening for a command...
2025-08-21 10:54:54,205 - INFO - You said: exit stock
2025-08-21 10:54:54,608 - INFO - Exiting the program.
